app/build/intermediates/manifest_merge_blame_file/debug/manifest-merger-blame-debug-report.txt
1<?xml version="1.0" encoding="utf-8"?>
2<manifest xmlns:android="http://schemas.android.com/apk/res/android"
3    package="com.pos.salon"
4    android:versionCode="1"
5    android:versionName="1.0" >
6
7    <uses-sdk
8        android:minSdkVersion="21"
8-->src\main\AndroidManifest.xml
9        android:targetSdkVersion="29" />
9-->src\main\AndroidManifest.xml
10
11    <uses-permission android:name="android.permission.CHANGE_WIFI_STATE" />
11-->src\main\AndroidManifest.xml:6:5-76
11-->src\main\AndroidManifest.xml:6:22-73
12    <uses-permission android:name="android.permission.INTERNET" />
12-->src\main\AndroidManifest.xml:7:5-67
12-->src\main\AndroidManifest.xml:7:22-64
13    <uses-permission android:name="android.permission.ACCESS_NETWORK_STATE" />
13-->src\main\AndroidManifest.xml:8:5-79
13-->src\main\AndroidManifest.xml:8:22-76
14    <uses-permission android:name="android.permission.WRITE_EXTERNAL_STORAGE" />
14-->src\main\AndroidManifest.xml:9:5-81
14-->src\main\AndroidManifest.xml:9:22-78
15    <uses-permission android:name="android.permission.READ_EXTERNAL_STORAGE" />
15-->src\main\AndroidManifest.xml:10:5-80
15-->src\main\AndroidManifest.xml:10:22-77
16    <uses-permission android:name="android.permission.CAMERA" />
16-->src\main\AndroidManifest.xml:11:5-65
16-->src\main\AndroidManifest.xml:11:22-62
17    <uses-permission android:name="android.permission.VIBRATE" />
17-->src\main\AndroidManifest.xml:12:5-66
17-->src\main\AndroidManifest.xml:12:22-63
18    <uses-permission android:name="android.permission.FLASHLIGHT" />
18-->src\main\AndroidManifest.xml:13:5-69
18-->src\main\AndroidManifest.xml:13:22-66
19    <uses-permission android:name="android.permission.ACCESS_FINE_LOCATION" />
19-->src\main\AndroidManifest.xml:14:5-79
19-->src\main\AndroidManifest.xml:14:22-76
20    <uses-permission android:name="android.permission.ACCESS_COARSE_LOCATION" />
20-->src\main\AndroidManifest.xml:15:5-81
20-->src\main\AndroidManifest.xml:15:22-78
21    <uses-permission android:name="android.permission.CALL_PHONE" />
21-->src\main\AndroidManifest.xml:16:5-69
21-->src\main\AndroidManifest.xml:16:22-66
22    <uses-permission android:name="android.permission.READ_PHONE_STATE" />
22-->src\main\AndroidManifest.xml:17:5-75
22-->src\main\AndroidManifest.xml:17:22-72
23
24    <uses-feature android:name="android.hardware.camera" />
24-->src\main\AndroidManifest.xml:19:5-60
24-->src\main\AndroidManifest.xml:19:19-57
25    <uses-feature android:name="android.hardware.camera.autofocus" />
25-->src\main\AndroidManifest.xml:20:5-70
25-->src\main\AndroidManifest.xml:20:19-67
26
27    <uses-permission android:name="android.permission.BLUETOOTH" />
27-->src\main\AndroidManifest.xml:22:5-68
27-->src\main\AndroidManifest.xml:22:22-65
28    <uses-permission android:name="android.permission.BLUETOOTH_ADMIN" />
28-->src\main\AndroidManifest.xml:23:5-74
28-->src\main\AndroidManifest.xml:23:22-71
29    <uses-permission android:name="android.permission.ACCESS_WIFI_STATE" />
29-->src\main\AndroidManifest.xml:24:5-76
29-->src\main\AndroidManifest.xml:24:22-73
30    <uses-permission android:name="com.google.android.c2dm.permission.RECEIVE" />
30-->src\main\AndroidManifest.xml:25:5-82
30-->src\main\AndroidManifest.xml:25:22-79
31    <uses-permission android:name="android.permission.WAKE_LOCK" /> <!-- for android -->
31-->src\main\AndroidManifest.xml:26:5-68
31-->src\main\AndroidManifest.xml:26:22-65
32    <!-- <uses-permission android:name="com.android.launcher.permission.READ_SETTINGS"/> -->
33    <!-- <uses-permission android:name="com.android.launcher.permission.WRITE_SETTINGS"/> -->
34    <!-- <uses-permission android:name="com.android.launcher.permission.INSTALL_SHORTCUT" /> -->
35    <!-- <uses-permission android:name="com.android.launcher.permission.UNINSTALL_SHORTCUT" /> -->
36    <!-- for Samsung -->
37    <uses-permission android:name="com.sec.android.provider.badge.permission.READ" />
37-->src\main\AndroidManifest.xml:32:5-86
37-->src\main\AndroidManifest.xml:32:22-83
38    <uses-permission android:name="com.sec.android.provider.badge.permission.WRITE" /> <!-- for htc -->
38-->src\main\AndroidManifest.xml:33:5-87
38-->src\main\AndroidManifest.xml:33:22-84
39    <uses-permission android:name="com.htc.launcher.permission.READ_SETTINGS" />
39-->src\main\AndroidManifest.xml:34:5-81
39-->src\main\AndroidManifest.xml:34:22-78
40    <uses-permission android:name="com.htc.launcher.permission.UPDATE_SHORTCUT" /> <!-- for sony -->
40-->src\main\AndroidManifest.xml:35:5-83
40-->src\main\AndroidManifest.xml:35:22-80
41    <uses-permission android:name="com.sonyericsson.home.permission.BROADCAST_BADGE" />
41-->src\main\AndroidManifest.xml:36:5-88
41-->src\main\AndroidManifest.xml:36:22-85
42    <uses-permission android:name="com.sonymobile.home.permission.PROVIDER_INSERT_BADGE" /> <!-- for apex -->
42-->src\main\AndroidManifest.xml:37:5-92
42-->src\main\AndroidManifest.xml:37:22-89
43    <uses-permission android:name="com.anddoes.launcher.permission.UPDATE_COUNT" /> <!-- for solid -->
43-->src\main\AndroidManifest.xml:38:5-84
43-->src\main\AndroidManifest.xml:38:22-81
44    <uses-permission android:name="com.majeur.launcher.permission.UPDATE_BADGE" /> <!-- for huawei -->
44-->src\main\AndroidManifest.xml:39:5-83
44-->src\main\AndroidManifest.xml:39:22-80
45    <uses-permission android:name="com.huawei.android.launcher.permission.CHANGE_BADGE" />
45-->src\main\AndroidManifest.xml:40:5-91
45-->src\main\AndroidManifest.xml:40:22-88
46    <uses-permission android:name="com.huawei.android.launcher.permission.READ_SETTINGS" />
46-->src\main\AndroidManifest.xml:41:5-92
46-->src\main\AndroidManifest.xml:41:22-89
47    <uses-permission android:name="com.huawei.android.launcher.permission.WRITE_SETTINGS" /> <!-- for ZUK -->
47-->src\main\AndroidManifest.xml:42:5-93
47-->src\main\AndroidManifest.xml:42:22-90
48    <uses-permission android:name="android.permission.READ_APP_BADGE" /> <!-- for OPPO -->
48-->src\main\AndroidManifest.xml:43:5-73
48-->src\main\AndroidManifest.xml:43:22-70
49    <uses-permission android:name="com.oppo.launcher.permission.READ_SETTINGS" />
49-->src\main\AndroidManifest.xml:44:5-82
49-->src\main\AndroidManifest.xml:44:22-79
50    <uses-permission android:name="com.oppo.launcher.permission.WRITE_SETTINGS" /> <!-- for EvMe -->
50-->src\main\AndroidManifest.xml:45:5-83
50-->src\main\AndroidManifest.xml:45:22-80
51    <uses-permission android:name="me.everything.badger.permission.BADGE_COUNT_READ" />
51-->src\main\AndroidManifest.xml:46:5-88
51-->src\main\AndroidManifest.xml:46:22-85
52    <uses-permission android:name="me.everything.badger.permission.BADGE_COUNT_WRITE" />
52-->src\main\AndroidManifest.xml:47:5-89
52-->src\main\AndroidManifest.xml:47:22-86
53    <uses-permission android:name="android.permission.NFC" />
53-->src\main\AndroidManifest.xml:48:5-62
53-->src\main\AndroidManifest.xml:48:22-59
54    <uses-permission android:name="android.permission.RECORD_AUDIO" />
54-->src\main\AndroidManifest.xml:49:5-71
54-->src\main\AndroidManifest.xml:49:22-68
55
56    <uses-feature android:name="android.hardware.usb.host" />
56-->src\main\AndroidManifest.xml:50:5-62
56-->src\main\AndroidManifest.xml:50:19-59
57
58    <uses-permission android:name="android.hardware.usb.accessory" />
58-->src\main\AndroidManifest.xml:51:5-70
58-->src\main\AndroidManifest.xml:51:22-67
59    <uses-permission android:name="android.permission.RECEIVE_BOOT_COMPLETED" />
59-->src\main\AndroidManifest.xml:52:5-81
59-->src\main\AndroidManifest.xml:52:22-78
60
61    <uses-feature android:name="android.hardware.autofocus" />
61-->src\main\AndroidManifest.xml:53:5-63
61-->src\main\AndroidManifest.xml:53:19-60
62    <uses-feature
62-->[com.journeyapps:zxing-android-embedded:3.2.0] AndroidManifest.xml:27:5-29:36
63        android:name="android.hardware.camera.front"
63-->[com.journeyapps:zxing-android-embedded:3.2.0] AndroidManifest.xml:28:9-53
64        android:required="false" />
64-->[com.journeyapps:zxing-android-embedded:3.2.0] AndroidManifest.xml:29:9-33
65    <uses-feature
65-->[com.journeyapps:zxing-android-embedded:3.2.0] AndroidManifest.xml:35:5-37:36
66        android:name="android.hardware.camera.flash"
66-->[com.journeyapps:zxing-android-embedded:3.2.0] AndroidManifest.xml:36:9-53
67        android:required="false" />
67-->[com.journeyapps:zxing-android-embedded:3.2.0] AndroidManifest.xml:37:9-33
68    <uses-feature
68-->[com.journeyapps:zxing-android-embedded:3.2.0] AndroidManifest.xml:38:5-40:36
69        android:name="android.hardware.screen.landscape"
69-->[com.journeyapps:zxing-android-embedded:3.2.0] AndroidManifest.xml:39:9-57
70        android:required="false" />
70-->[com.journeyapps:zxing-android-embedded:3.2.0] AndroidManifest.xml:40:9-33
71    <uses-feature
71-->[com.journeyapps:zxing-android-embedded:3.2.0] AndroidManifest.xml:41:5-43:36
72        android:name="android.hardware.wifi"
72-->[com.journeyapps:zxing-android-embedded:3.2.0] AndroidManifest.xml:42:9-45
73        android:required="false" />
73-->[com.journeyapps:zxing-android-embedded:3.2.0] AndroidManifest.xml:43:9-33
74
75    <application
75-->src\main\AndroidManifest.xml:55:5-272:19
76        android:allowBackup="false"
76-->src\main\AndroidManifest.xml:56:9-36
77        android:appComponentFactory="androidx.core.app.CoreComponentFactory"
77-->[androidx.core:core:1.5.0] AndroidManifest.xml:24:18-86
78        android:debuggable="true"
79        android:hardwareAccelerated="true"
79-->src\main\AndroidManifest.xml:57:9-43
80        android:icon="@drawable/ic_launcher"
80-->src\main\AndroidManifest.xml:58:9-45
81        android:label="@string/app_name"
81-->src\main\AndroidManifest.xml:59:9-41
82        android:supportsRtl="true"
82-->src\main\AndroidManifest.xml:60:9-35
83        android:testOnly="true"
84        android:theme="@style/AppTheme.NoActionBar" >
84-->src\main\AndroidManifest.xml:61:9-52
85        <activity
85-->src\main\AndroidManifest.xml:63:9-65:56
86            android:name="com.pos.salon.activity.BookingSection.BookinDateTimeActivity"
86-->src\main\AndroidManifest.xml:63:19-81
87            android:screenOrientation="portrait"
87-->src\main\AndroidManifest.xml:64:13-49
88            android:windowSoftInputMode="stateHidden" />
88-->src\main\AndroidManifest.xml:65:13-54
89        <activity
89-->src\main\AndroidManifest.xml:66:9-68:56
90            android:name="com.pos.salon.activity.BookingSection.BookingCategoryActivity"
90-->src\main\AndroidManifest.xml:66:19-82
91            android:screenOrientation="portrait"
91-->src\main\AndroidManifest.xml:67:13-49
92            android:windowSoftInputMode="stateHidden" />
92-->src\main\AndroidManifest.xml:68:13-54
93        <activity
93-->src\main\AndroidManifest.xml:69:9-72:57
94            android:name="com.pos.salon.activity.JeoPowerDeviceSDK.Scanner.ScannerActivity"
94-->src\main\AndroidManifest.xml:70:13-79
95            android:screenOrientation="portrait"
95-->src\main\AndroidManifest.xml:71:13-49
96            android:windowSoftInputMode="stateHidden" />
96-->src\main\AndroidManifest.xml:72:13-54
97        <activity
97-->src\main\AndroidManifest.xml:73:9-74:51
98            android:name="com.pos.salon.activity.JeoPowerDeviceSDK.CamraScan.CaptureActivity"
98-->src\main\AndroidManifest.xml:73:19-87
99            android:screenOrientation="portrait" />
99-->src\main\AndroidManifest.xml:74:13-49
100        <activity android:name="com.pos.salon.activity.JeoPowerDeviceSDK.Printer.ThermalActivityPrinter" />
100-->src\main\AndroidManifest.xml:75:9-95
100-->src\main\AndroidManifest.xml:75:19-92
101        <activity android:name="com.pos.salon.activity.JeoPowerDeviceSDK.DemoAppScreen" />
101-->src\main\AndroidManifest.xml:76:9-78
101-->src\main\AndroidManifest.xml:76:19-75
102        <activity
102-->src\main\AndroidManifest.xml:77:9-78:51
103            android:name="com.pos.salon.activity.ActivityProduct.VariationValueActivity"
103-->src\main\AndroidManifest.xml:77:19-82
104            android:screenOrientation="portrait" />
104-->src\main\AndroidManifest.xml:78:13-49
105        <activity
105-->src\main\AndroidManifest.xml:79:9-82:57
106            android:name="com.pos.salon.activity.StockTransfer.AddStockTransfer"
106-->src\main\AndroidManifest.xml:80:13-68
107            android:screenOrientation="portrait"
107-->src\main\AndroidManifest.xml:81:13-49
108            android:windowSoftInputMode="stateHidden" />
108-->src\main\AndroidManifest.xml:82:13-54
109        <activity
109-->src\main\AndroidManifest.xml:83:9-86:57
110            android:name="com.pos.salon.activity.StockTransfer.StockTransferListActivity"
110-->src\main\AndroidManifest.xml:84:13-77
111            android:screenOrientation="portrait"
111-->src\main\AndroidManifest.xml:85:13-49
112            android:windowSoftInputMode="stateHidden" />
112-->src\main\AndroidManifest.xml:86:13-54
113        <activity
113-->src\main\AndroidManifest.xml:87:9-90:57
114            android:name="com.pos.salon.activity.UserManagement.UserDetailViewActivity"
114-->src\main\AndroidManifest.xml:88:13-75
115            android:screenOrientation="portrait"
115-->src\main\AndroidManifest.xml:89:13-49
116            android:windowSoftInputMode="stateHidden" />
116-->src\main\AndroidManifest.xml:90:13-54
117        <activity
117-->src\main\AndroidManifest.xml:91:9-94:57
118            android:name="com.pos.salon.activity.UserManagement.AddUserManageActivity"
118-->src\main\AndroidManifest.xml:92:13-74
119            android:screenOrientation="portrait"
119-->src\main\AndroidManifest.xml:93:13-49
120            android:windowSoftInputMode="stateHidden" />
120-->src\main\AndroidManifest.xml:94:13-54
121        <activity
121-->src\main\AndroidManifest.xml:95:9-98:57
122            android:name="com.pos.salon.activity.UserManagement.UserManageActivity"
122-->src\main\AndroidManifest.xml:96:13-71
123            android:screenOrientation="portrait"
123-->src\main\AndroidManifest.xml:97:13-49
124            android:windowSoftInputMode="stateHidden" />
124-->src\main\AndroidManifest.xml:98:13-54
125        <activity
125-->src\main\AndroidManifest.xml:99:9-102:57
126            android:name="com.pos.salon.activity.ActivityPurchases.PurchaseDetailActivity"
126-->src\main\AndroidManifest.xml:100:13-78
127            android:screenOrientation="portrait"
127-->src\main\AndroidManifest.xml:101:13-49
128            android:windowSoftInputMode="stateHidden" />
128-->src\main\AndroidManifest.xml:102:13-54
129        <activity
129-->src\main\AndroidManifest.xml:103:9-106:57
130            android:name="com.pos.salon.activity.ActivityProduct.BrandsActivity"
130-->src\main\AndroidManifest.xml:104:13-68
131            android:screenOrientation="portrait"
131-->src\main\AndroidManifest.xml:105:13-49
132            android:windowSoftInputMode="stateHidden" />
132-->src\main\AndroidManifest.xml:106:13-54
133        <activity
133-->src\main\AndroidManifest.xml:107:9-110:57
134            android:name="com.pos.salon.activity.ActivityProduct.CategoryActivity"
134-->src\main\AndroidManifest.xml:108:13-70
135            android:screenOrientation="portrait"
135-->src\main\AndroidManifest.xml:109:13-49
136            android:windowSoftInputMode="stateHidden" />
136-->src\main\AndroidManifest.xml:110:13-54
137        <activity
137-->src\main\AndroidManifest.xml:111:9-114:57
138            android:name="com.pos.salon.activity.SupplierActivity.SupplierDetailActivity"
138-->src\main\AndroidManifest.xml:112:13-77
139            android:screenOrientation="portrait"
139-->src\main\AndroidManifest.xml:113:13-49
140            android:windowSoftInputMode="stateHidden" />
140-->src\main\AndroidManifest.xml:114:13-54
141        <activity
141-->src\main\AndroidManifest.xml:115:9-118:57
142            android:name="com.pos.salon.activity.SupplierActivity.SupplierAddActivity"
142-->src\main\AndroidManifest.xml:116:13-74
143            android:screenOrientation="portrait"
143-->src\main\AndroidManifest.xml:117:13-49
144            android:windowSoftInputMode="stateHidden" />
144-->src\main\AndroidManifest.xml:118:13-54
145        <activity
145-->src\main\AndroidManifest.xml:119:9-122:57
146            android:name="com.pos.salon.activity.SupplierActivity.SupplierSection"
146-->src\main\AndroidManifest.xml:120:13-70
147            android:screenOrientation="portrait"
147-->src\main\AndroidManifest.xml:121:13-49
148            android:windowSoftInputMode="stateHidden" />
148-->src\main\AndroidManifest.xml:122:13-54
149        <activity
149-->src\main\AndroidManifest.xml:123:9-126:57
150            android:name="com.pos.salon.activity.TodayProfitActivity"
150-->src\main\AndroidManifest.xml:124:13-57
151            android:screenOrientation="portrait"
151-->src\main\AndroidManifest.xml:125:13-49
152            android:windowSoftInputMode="stateHidden" />
152-->src\main\AndroidManifest.xml:126:13-54
153        <activity
153-->src\main\AndroidManifest.xml:127:9-130:57
154            android:name="com.pos.salon.activity.ActivityPurchases.AddPurchaseSection.PurchaseProductPaymentActivity"
154-->src\main\AndroidManifest.xml:128:13-105
155            android:screenOrientation="portrait"
155-->src\main\AndroidManifest.xml:129:13-49
156            android:windowSoftInputMode="stateHidden" />
156-->src\main\AndroidManifest.xml:130:13-54
157        <activity
157-->src\main\AndroidManifest.xml:131:9-134:57
158            android:name="com.pos.salon.activity.ActivityPurchases.AddPurchaseSection.PurchaseProductSearchList"
158-->src\main\AndroidManifest.xml:132:13-100
159            android:screenOrientation="portrait"
159-->src\main\AndroidManifest.xml:133:13-49
160            android:windowSoftInputMode="stateHidden" />
160-->src\main\AndroidManifest.xml:134:13-54
161        <activity
161-->src\main\AndroidManifest.xml:135:9-138:57
162            android:name="com.pos.salon.activity.ActivityPurchases.AddPurchaseSection.PurchaseProductSearchActivity"
162-->src\main\AndroidManifest.xml:136:13-104
163            android:screenOrientation="portrait"
163-->src\main\AndroidManifest.xml:137:13-49
164            android:windowSoftInputMode="stateHidden" />
164-->src\main\AndroidManifest.xml:138:13-54
165        <activity
165-->src\main\AndroidManifest.xml:139:9-142:57
166            android:name="com.pos.salon.activity.ActivityPurchases.PurchasesListActivity"
166-->src\main\AndroidManifest.xml:140:13-77
167            android:screenOrientation="portrait"
167-->src\main\AndroidManifest.xml:141:13-49
168            android:windowSoftInputMode="stateHidden" />
168-->src\main\AndroidManifest.xml:142:13-54
169        <activity
169-->src\main\AndroidManifest.xml:143:9-146:57
170            android:name="com.pos.salon.activity.ActivityPurchases.AddPurchaseSection.AddPurchaseActivity"
170-->src\main\AndroidManifest.xml:144:13-94
171            android:screenOrientation="portrait"
171-->src\main\AndroidManifest.xml:145:13-49
172            android:windowSoftInputMode="stateHidden" />
172-->src\main\AndroidManifest.xml:146:13-54
173        <activity
173-->src\main\AndroidManifest.xml:147:9-150:57
174            android:name="com.pos.salon.activity.ActivityPurchases.PurchasesSectionActivity"
174-->src\main\AndroidManifest.xml:148:13-80
175            android:screenOrientation="portrait"
175-->src\main\AndroidManifest.xml:149:13-49
176            android:windowSoftInputMode="stateHidden" />
176-->src\main\AndroidManifest.xml:150:13-54
177        <activity
177-->src\main\AndroidManifest.xml:151:9-154:57
178            android:name="com.pos.salon.activity.ActivityProduct.ProductDetailActivity"
178-->src\main\AndroidManifest.xml:152:13-75
179            android:screenOrientation="portrait"
179-->src\main\AndroidManifest.xml:153:13-49
180            android:windowSoftInputMode="stateHidden" />
180-->src\main\AndroidManifest.xml:154:13-54
181        <activity
181-->src\main\AndroidManifest.xml:155:9-158:57
182            android:name="com.pos.salon.activity.ActivityProduct.AddProduct"
182-->src\main\AndroidManifest.xml:156:13-64
183            android:screenOrientation="portrait"
183-->src\main\AndroidManifest.xml:157:13-49
184            android:windowSoftInputMode="stateHidden" />
184-->src\main\AndroidManifest.xml:158:13-54
185        <activity
185-->src\main\AndroidManifest.xml:159:9-162:57
186            android:name="com.pos.salon.activity.ActivityProduct.ProductList"
186-->src\main\AndroidManifest.xml:160:13-65
187            android:screenOrientation="portrait"
187-->src\main\AndroidManifest.xml:161:13-49
188            android:windowSoftInputMode="stateHidden" />
188-->src\main\AndroidManifest.xml:162:13-54
189        <activity
189-->src\main\AndroidManifest.xml:163:9-166:57
190            android:name="com.pos.salon.activity.ActivityProduct.ProductSection"
190-->src\main\AndroidManifest.xml:164:13-68
191            android:screenOrientation="portrait"
191-->src\main\AndroidManifest.xml:165:13-49
192            android:windowSoftInputMode="stateHidden" />
192-->src\main\AndroidManifest.xml:166:13-54
193        <activity
193-->src\main\AndroidManifest.xml:167:9-170:57
194            android:name="com.pos.salon.activity.NotificationActivity"
194-->src\main\AndroidManifest.xml:168:13-58
195            android:screenOrientation="portrait"
195-->src\main\AndroidManifest.xml:169:13-49
196            android:windowSoftInputMode="stateHidden" />
196-->src\main\AndroidManifest.xml:170:13-54
197        <activity
197-->src\main\AndroidManifest.xml:171:9-174:57
198            android:name="com.pos.salon.activity.BluetoothPrintActivity"
198-->src\main\AndroidManifest.xml:172:13-60
199            android:screenOrientation="portrait"
199-->src\main\AndroidManifest.xml:173:13-49
200            android:windowSoftInputMode="stateHidden" />
200-->src\main\AndroidManifest.xml:174:13-54
201        <activity
201-->src\main\AndroidManifest.xml:175:9-178:57
202            android:name="com.pos.salon.activity.CloseRegister"
202-->src\main\AndroidManifest.xml:176:13-51
203            android:screenOrientation="portrait"
203-->src\main\AndroidManifest.xml:177:13-49
204            android:windowSoftInputMode="stateHidden" />
204-->src\main\AndroidManifest.xml:178:13-54
205        <activity
205-->src\main\AndroidManifest.xml:179:9-181:52
206            android:name="com.pos.salon.activity.ActivityPayment.PartialCustomerProducts"
206-->src\main\AndroidManifest.xml:180:13-77
207            android:screenOrientation="portrait" />
207-->src\main\AndroidManifest.xml:181:13-49
208        <activity
208-->src\main\AndroidManifest.xml:182:9-184:52
209            android:name="com.pos.salon.activity.ScanActivity"
209-->src\main\AndroidManifest.xml:183:13-50
210            android:screenOrientation="portrait" />
210-->src\main\AndroidManifest.xml:184:13-49
211        <activity
211-->src\main\AndroidManifest.xml:185:9-188:57
212            android:name="com.pos.salon.activity.AddCustomerActivity"
212-->src\main\AndroidManifest.xml:186:13-57
213            android:screenOrientation="portrait"
213-->src\main\AndroidManifest.xml:187:13-49
214            android:windowSoftInputMode="stateHidden" />
214-->src\main\AndroidManifest.xml:188:13-54
215        <activity android:name="com.pos.salon.activity.SplashActivity" >
215-->src\main\AndroidManifest.xml:189:9-195:20
215-->src\main\AndroidManifest.xml:189:19-58
216            <intent-filter>
216-->src\main\AndroidManifest.xml:190:13-194:29
217                <action android:name="android.intent.action.MAIN" />
217-->src\main\AndroidManifest.xml:191:17-69
217-->src\main\AndroidManifest.xml:191:25-66
218
219                <category android:name="android.intent.category.LAUNCHER" />
219-->src\main\AndroidManifest.xml:193:17-77
219-->src\main\AndroidManifest.xml:193:27-74
220            </intent-filter>
221        </activity>
222        <activity
222-->src\main\AndroidManifest.xml:196:9-199:57
223            android:name="com.pos.salon.activity.LoginActivity"
223-->src\main\AndroidManifest.xml:197:13-51
224            android:screenOrientation="portrait"
224-->src\main\AndroidManifest.xml:198:13-49
225            android:windowSoftInputMode="stateHidden" />
225-->src\main\AndroidManifest.xml:199:13-54
226        <activity
226-->src\main\AndroidManifest.xml:200:9-203:57
227            android:name="com.pos.salon.activity.HomeActivity"
227-->src\main\AndroidManifest.xml:201:13-50
228            android:screenOrientation="portrait"
228-->src\main\AndroidManifest.xml:202:13-49
229            android:windowSoftInputMode="stateHidden" />
229-->src\main\AndroidManifest.xml:203:13-54
230        <activity
230-->src\main\AndroidManifest.xml:204:9-207:57
231            android:name="com.pos.salon.activity.ActivityPosSale.ActivityPosTerminalDropdown"
231-->src\main\AndroidManifest.xml:205:13-81
232            android:screenOrientation="portrait"
232-->src\main\AndroidManifest.xml:206:13-49
233            android:windowSoftInputMode="stateHidden" />
233-->src\main\AndroidManifest.xml:207:13-54
234        <activity
234-->src\main\AndroidManifest.xml:208:9-211:57
235            android:name="com.pos.salon.activity.ActivityPosSale.ActivitySearchItemList"
235-->src\main\AndroidManifest.xml:209:13-76
236            android:screenOrientation="portrait"
236-->src\main\AndroidManifest.xml:210:13-49
237            android:windowSoftInputMode="stateHidden" />
237-->src\main\AndroidManifest.xml:211:13-54
238        <activity
238-->src\main\AndroidManifest.xml:212:9-215:67
239            android:name="com.pos.salon.activity.ConfirmationActivity"
239-->src\main\AndroidManifest.xml:213:13-58
240            android:screenOrientation="portrait"
240-->src\main\AndroidManifest.xml:214:13-49
241            android:windowSoftInputMode="stateHidden|adjustPan" />
241-->src\main\AndroidManifest.xml:215:13-64
242        <activity
242-->src\main\AndroidManifest.xml:216:9-219:69
243            android:name="com.pos.salon.activity.ActivityPosSale.ActivityPosItemList"
243-->src\main\AndroidManifest.xml:217:13-73
244            android:screenOrientation="portrait"
244-->src\main\AndroidManifest.xml:218:13-49
245            android:windowSoftInputMode="adjustResize|stateHidden" />
245-->src\main\AndroidManifest.xml:219:13-67
246        <activity
246-->src\main\AndroidManifest.xml:220:9-223:57
247            android:name="com.pos.salon.activity.ActivityPayment.ActivityPayment"
247-->src\main\AndroidManifest.xml:221:13-69
248            android:screenOrientation="portrait"
248-->src\main\AndroidManifest.xml:222:13-49
249            android:windowSoftInputMode="stateHidden" />
249-->src\main\AndroidManifest.xml:223:13-54
250        <activity
250-->src\main\AndroidManifest.xml:224:9-227:67
251            android:name="com.pos.salon.activity.ActivityPayment.ActivityPaymentFalse"
251-->src\main\AndroidManifest.xml:225:13-74
252            android:screenOrientation="portrait"
252-->src\main\AndroidManifest.xml:226:13-49
253            android:windowSoftInputMode="stateHidden|adjustPan" />
253-->src\main\AndroidManifest.xml:227:13-64
254        <activity android:name="com.pos.salon.model.BTDevicesList" />
254-->src\main\AndroidManifest.xml:228:9-57
254-->src\main\AndroidManifest.xml:228:19-54
255
256        <meta-data
256-->src\main\AndroidManifest.xml:230:9-232:72
257            android:name="io.fabric.ApiKey"
257-->src\main\AndroidManifest.xml:231:13-44
258            android:value="3780be88262d373413a8df9840de40ed72db11d4" />
258-->src\main\AndroidManifest.xml:232:13-69
259
260        <receiver
260-->src\main\AndroidManifest.xml:234:9-249:20
261            android:name="com.pos.salon.model.NotificationBroadcastReceiver"
261-->src\main\AndroidManifest.xml:235:13-64
262            android:permission="com.google.android.c2dm.permission.SEND" >
262-->src\main\AndroidManifest.xml:236:13-73
263            <meta-data
263-->src\main\AndroidManifest.xml:237:13-239:60
264                android:name="notificationIcon"
264-->src\main\AndroidManifest.xml:238:17-48
265                android:resource="@drawable/ic_launcher" />
265-->src\main\AndroidManifest.xml:239:17-57
266            <meta-data
266-->src\main\AndroidManifest.xml:240:13-242:49
267                android:name=".activity.HomeActivity"
267-->src\main\AndroidManifest.xml:241:17-54
268                android:value="com.pos.salon" />
268-->src\main\AndroidManifest.xml:242:17-46
269
270            <intent-filter>
270-->src\main\AndroidManifest.xml:244:13-248:29
271                <action android:name="com.google.android.c2dm.intent.RECEIVE" />
271-->src\main\AndroidManifest.xml:245:17-81
271-->src\main\AndroidManifest.xml:245:25-78
272
273                <category android:name="com.pos.salon" />
273-->src\main\AndroidManifest.xml:247:17-58
273-->src\main\AndroidManifest.xml:247:27-55
274            </intent-filter>
275        </receiver>
276
277        <service
277-->src\main\AndroidManifest.xml:251:9-261:19
278            android:name="com.wonderpush.sdk.WonderPushService"
278-->src\main\AndroidManifest.xml:252:13-64
279            android:enabled="true"
279-->src\main\AndroidManifest.xml:253:13-35
280            android:exported="false"
280-->src\main\AndroidManifest.xml:254:13-37
281            android:label="Push Notification service" >
281-->src\main\AndroidManifest.xml:255:13-54
282            <intent-filter>
282-->src\main\AndroidManifest.xml:256:13-260:29
283                <action android:name="android.intent.action.VIEW" />
283-->src\main\AndroidManifest.xml:257:17-69
283-->src\main\AndroidManifest.xml:257:25-66
284
285                <data android:scheme="wonderpush" />
285-->src\main\AndroidManifest.xml:259:17-53
285-->src\main\AndroidManifest.xml:259:23-50
286            </intent-filter>
287        </service>
288        <service android:name="com.pos.salon.activity.JeoPowerDeviceSDK.Scanner.ScanService" />
288-->src\main\AndroidManifest.xml:262:9-83
288-->src\main\AndroidManifest.xml:262:18-80
289